kotlin version: 2.0.0
error message: Daemon compilation failed: null
java.lang.Exception
	at org.jetbrains.kotlin.daemon.common.CompileService$CallResult$Error.get(CompileService.kt:69)
	at org.jetbrains.kotlin.daemon.common.CompileService$CallResult$Error.get(CompileService.kt:65)
	at org.jetbrains.kotlin.compilerRunner.GradleKotlinCompilerWork.compileWithDaemon(GradleKotlinCompilerWork.kt:240)
	at org.jetbrains.kotlin.compilerRunner.GradleKotlinCompilerWork.compileWithDaemonOrFallbackImpl(GradleKotlinCompilerWork.kt:159)
	at org.jetbrains.kotlin.compilerRunner.GradleKotlinCompilerWork.run(GradleKotlinCompilerWork.kt:111)
	at org.jetbrains.kotlin.compilerRunner.GradleCompilerRunnerWithWorkers$GradleKotlinCompilerWorkAction.execute(GradleCompilerRunnerWithWorkers.kt:76)
	at org.gradle.workers.internal.DefaultWorkerServer.execute(DefaultWorkerServer.java:63)
	at org.gradle.workers.internal.NoIsolationWorkerFactory$1$1.create(NoIsolationWorkerFactory.java:66)
	at org.gradle.workers.internal.NoIsolationWorkerFactory$1$1.create(NoIsolationWorkerFactory.java:62)
	at org.gradle.internal.classloader.ClassLoaderUtils.executeInClassloader(ClassLoaderUtils.java:100)
	at org.gradle.workers.internal.NoIsolationWorkerFactory$1.lambda$execute$0(NoIsolationWorkerFactory.java:62)
	at org.gradle.workers.internal.AbstractWorker$1.call(AbstractWorker.java:44)
	at org.gradle.workers.internal.AbstractWorker$1.call(AbstractWorker.java:41)
	at org.gradle.internal.operations.DefaultBuildOperationRunner$CallableBuildOperationWorker.execute(DefaultBuildOperationRunner.java:209)
	at org.gradle.internal.operations.DefaultBuildOperationRunner$CallableBuildOperationWorker.execute(DefaultBuildOperationRunner.java:204)
	at org.gradle.internal.operations.DefaultBuildOperationRunner$2.execute(DefaultBuildOperationRunner.java:66)
	at org.gradle.internal.operations.DefaultBuildOperationRunner$2.execute(DefaultBuildOperationRunner.java:59)
	at org.gradle.internal.operations.DefaultBuildOperationRunner.execute(DefaultBuildOperationRunner.java:166)
	at org.gradle.internal.operations.DefaultBuildOperationRunner.execute(DefaultBuildOperationRunner.java:59)
	at org.gradle.internal.operations.DefaultBuildOperationRunner.call(DefaultBuildOperationRunner.java:53)
	at org.gradle.workers.internal.AbstractWorker.executeWrappedInBuildOperation(AbstractWorker.java:41)
	at org.gradle.workers.internal.NoIsolationWorkerFactory$1.execute(NoIsolationWorkerFactory.java:59)
	at org.gradle.workers.internal.DefaultWorkerExecutor.lambda$submitWork$0(DefaultWorkerExecutor.java:174)
	at java.base/java.util.concurrent.FutureTask.run(Unknown Source)
	at org.gradle.internal.work.DefaultConditionalExecutionQueue$ExecutionRunner.runExecution(DefaultConditionalExecutionQueue.java:194)
	at org.gradle.internal.work.DefaultConditionalExecutionQueue$ExecutionRunner.access$700(DefaultConditionalExecutionQueue.java:127)
	at org.gradle.internal.work.DefaultConditionalExecutionQueue$ExecutionRunner$1.run(DefaultConditionalExecutionQueue.java:169)
	at org.gradle.internal.Factories$1.create(Factories.java:31)
	at org.gradle.internal.work.DefaultWorkerLeaseService.withLocks(DefaultWorkerLeaseService.java:263)
	at org.gradle.internal.work.DefaultWorkerLeaseService.runAsWorkerThread(DefaultWorkerLeaseService.java:127)
	at org.gradle.internal.work.DefaultWorkerLeaseService.runAsWorkerThread(DefaultWorkerLeaseService.java:132)
	at org.gradle.internal.work.DefaultConditionalExecutionQueue$ExecutionRunner.runBatch(DefaultConditionalExecutionQueue.java:164)
	at org.gradle.internal.work.DefaultConditionalExecutionQueue$ExecutionRunner.run(DefaultConditionalExecutionQueue.java:133)
	at java.base/java.util.concurrent.Executors$RunnableAdapter.call(Unknown Source)
	at java.base/java.util.concurrent.FutureTask.run(Unknown Source)
	at org.gradle.internal.concurrent.ExecutorPolicy$CatchAndRecordFailures.onExecute(ExecutorPolicy.java:64)
	at org.gradle.internal.concurrent.AbstractManagedExecutor$1.run(AbstractManagedExecutor.java:48)
	at java.base/java.util.concurrent.ThreadPoolExecutor.runWorker(Unknown Source)
	at java.base/java.util.concurrent.ThreadPoolExecutor$Worker.run(Unknown Source)
	at java.base/java.lang.Thread.run(Unknown Source)
Caused by: java.lang.AssertionError: No space left on device
	at org.jetbrains.kotlin.com.intellij.openapi.diagnostic.DefaultLogger.error(DefaultLogger.java:54)
	at org.jetbrains.kotlin.com.intellij.openapi.diagnostic.Logger.error(Logger.java:208)
	at org.jetbrains.kotlin.com.intellij.util.io.FilePageCache.disposeRemovedSegments(FilePageCache.java:193)
	at org.jetbrains.kotlin.com.intellij.util.io.FilePageCache.unmapBuffersForOwner(FilePageCache.java:269)
	at org.jetbrains.kotlin.com.intellij.util.io.PagedFileStorage.unmapAll(PagedFileStorage.java:257)
	at org.jetbrains.kotlin.com.intellij.util.io.PagedFileStorage.lambda$close$3(PagedFileStorage.java:244)
	at org.jetbrains.kotlin.com.intellij.util.ExceptionUtil.runAndCatch(ExceptionUtil.java:149)
	at org.jetbrains.kotlin.com.intellij.util.io.PagedFileStorage.close(PagedFileStorage.java:243)
	at org.jetbrains.kotlin.com.intellij.util.io.ResizeableMappedFile.lambda$close$2(ResizeableMappedFile.java:249)
	at org.jetbrains.kotlin.com.intellij.util.ExceptionUtil.runAndCatch(ExceptionUtil.java:149)
	at org.jetbrains.kotlin.com.intellij.util.io.ResizeableMappedFile.close(ResizeableMappedFile.java:249)
	at org.jetbrains.kotlin.com.intellij.util.io.IntToIntBtree.doClose(IntToIntBtree.java:280)
	at org.jetbrains.kotlin.com.intellij.util.io.PersistentBTreeEnumerator.doClose(PersistentBTreeEnumerator.java:310)
	at org.jetbrains.kotlin.com.intellij.util.io.PersistentEnumeratorBase.close(PersistentEnumeratorBase.java:464)
	at org.jetbrains.kotlin.com.intellij.util.io.PersistentBTreeEnumerator.close(PersistentBTreeEnumerator.java:650)
	at org.jetbrains.kotlin.com.intellij.util.io.PersistentMapImpl.doClose(PersistentMapImpl.java:812)
	at org.jetbrains.kotlin.com.intellij.util.io.PersistentMapImpl.close(PersistentMapImpl.java:780)
	at org.jetbrains.kotlin.com.intellij.util.io.PersistentMapImpl.close(PersistentMapImpl.java:760)
	at org.jetbrains.kotlin.com.intellij.util.io.PersistentHashMap.close(PersistentHashMap.java:203)
	at org.jetbrains.kotlin.incremental.storage.LazyStorage.close(LazyStorage.kt:93)
	at org.jetbrains.kotlin.incremental.storage.InMemoryStorage.close(InMemoryStorage.kt:137)
	at org.jetbrains.kotlin.incremental.storage.AppendableSetBasicMap.close(BasicMap.kt:157)
	at org.jetbrains.kotlin.incremental.storage.BasicMapsOwner$close$1.invoke(BasicMapsOwner.kt:45)
	at org.jetbrains.kotlin.incremental.storage.BasicMapsOwner$close$1.invoke(BasicMapsOwner.kt:45)
	at org.jetbrains.kotlin.incremental.storage.BasicMapsOwner.forEachMapSafe(BasicMapsOwner.kt:85)
	at org.jetbrains.kotlin.incremental.storage.BasicMapsOwner.close(BasicMapsOwner.kt:45)
	at org.jetbrains.kotlin.incremental.LookupStorage.close(LookupStorage.kt:155)
	at org.jetbrains.kotlin.com.google.common.io.Closer.close(Closer.java:218)
	at org.jetbrains.kotlin.incremental.IncrementalCachesManager.close(IncrementalCachesManager.kt:55)
	at kotlin.io.CloseableKt.closeFinally(Closeable.kt:56)
	at org.jetbrains.kotlin.incremental.IncrementalCompilerRunner.compileNonIncrementally(IncrementalCompilerRunner.kt:293)
	at org.jetbrains.kotlin.incremental.IncrementalCompilerRunner.compile(IncrementalCompilerRunner.kt:129)
	at org.jetbrains.kotlin.daemon.CompileServiceImplBase.execIncrementalCompiler(CompileServiceImpl.kt:676)
	at org.jetbrains.kotlin.daemon.CompileServiceImplBase.access$execIncrementalCompiler(CompileServiceImpl.kt:92)
	at org.jetbrains.kotlin.daemon.CompileServiceImpl.compile(CompileServiceImpl.kt:1661)
	at java.base/jdk.internal.reflect.DirectMethodHandleAccessor.invoke(Unknown Source)
	at java.base/java.lang.reflect.Method.invoke(Unknown Source)
	at java.rmi/sun.rmi.server.UnicastServerRef.dispatch(Unknown Source)
	at java.rmi/sun.rmi.transport.Transport$1.run(Unknown Source)
	at java.rmi/sun.rmi.transport.Transport$1.run(Unknown Source)
	at java.base/java.security.AccessController.doPrivileged(Unknown Source)
	at java.rmi/sun.rmi.transport.Transport.serviceCall(Unknown Source)
	at java.rmi/sun.rmi.transport.tcp.TCPTransport.handleMessages(Unknown Source)
	at java.rmi/sun.rmi.transport.tcp.TCPTransport$ConnectionHandler.run0(Unknown Source)
	at java.rmi/sun.rmi.transport.tcp.TCPTransport$ConnectionHandler.lambda$run$0(Unknown Source)
	at java.base/java.security.AccessController.doPrivileged(Unknown Source)
	at java.rmi/sun.rmi.transport.tcp.TCPTransport$ConnectionHandler.run(Unknown Source)
	... 3 more
	Suppressed: java.lang.AssertionError: No space left on device
		at org.jetbrains.kotlin.com.intellij.openapi.diagnostic.DefaultLogger.error(DefaultLogger.java:54)
		at org.jetbrains.kotlin.com.intellij.openapi.diagnostic.Logger.error(Logger.java:208)
		at org.jetbrains.kotlin.com.intellij.util.io.FilePageCache.disposeRemovedSegments(FilePageCache.java:193)
		at org.jetbrains.kotlin.com.intellij.util.io.FilePageCache.invalidateBuffer(FilePageCache.java:315)
		at org.jetbrains.kotlin.com.intellij.util.io.PagedFileStorage.resize(PagedFileStorage.java:273)
		at org.jetbrains.kotlin.com.intellij.util.io.ResizeableMappedFile.expand(ResizeableMappedFile.java:119)
		at org.jetbrains.kotlin.com.intellij.util.io.ResizeableMappedFile.ensureSize(ResizeableMappedFile.java:88)
		at org.jetbrains.kotlin.com.intellij.util.io.ResizeableMappedFile.putInt(ResizeableMappedFile.java:209)
		at org.jetbrains.kotlin.com.intellij.util.io.PersistentEnumeratorBase.markDirty(PersistentEnumeratorBase.java:564)
		at org.jetbrains.kotlin.com.intellij.util.io.PersistentEnumeratorBase.<init>(PersistentEnumeratorBase.java:141)
		at org.jetbrains.kotlin.com.intellij.util.io.PersistentBTreeEnumerator.<init>(PersistentBTreeEnumerator.java:93)
		at org.jetbrains.kotlin.com.intellij.util.io.PersistentEnumerator.createDefaultEnumerator(PersistentEnumerator.java:66)
		at org.jetbrains.kotlin.com.intellij.util.io.PersistentMapImpl.<init>(PersistentMapImpl.java:136)
		at org.jetbrains.kotlin.com.intellij.util.io.PersistentMapBuilder.buildImplementation(PersistentMapBuilder.java:62)
		at org.jetbrains.kotlin.com.intellij.util.io.PersistentMapBuilder.build(PersistentMapBuilder.java:44)
		at org.jetbrains.kotlin.com.intellij.util.io.PersistentHashMap.<init>(PersistentHashMap.java:39)
		at org.jetbrains.kotlin.com.intellij.util.io.PersistentHashMap.<init>(PersistentHashMap.java:54)
		at org.jetbrains.kotlin.incremental.storage.LazyStorage.createMap(LazyStorage.kt:60)
		at org.jetbrains.kotlin.incremental.storage.LazyStorage.getStorageOrCreateNew(LazyStorage.kt:57)
		at org.jetbrains.kotlin.incremental.storage.LazyStorage.set(LazyStorage.kt:78)
		at org.jetbrains.kotlin.incremental.storage.InMemoryStorage.applyChanges(InMemoryStorage.kt:108)
		at org.jetbrains.kotlin.incremental.storage.AppendableInMemoryStorage.applyChanges(InMemoryStorage.kt:175)
		at org.jetbrains.kotlin.incremental.storage.InMemoryStorage.close(InMemoryStorage.kt:136)
		at org.jetbrains.kotlin.incremental.storage.AppendableSetBasicMap.close(BasicMap.kt:157)
		at org.jetbrains.kotlin.incremental.storage.BasicMapsOwner$close$1.invoke(BasicMapsOwner.kt:45)
		at org.jetbrains.kotlin.incremental.storage.BasicMapsOwner$close$1.invoke(BasicMapsOwner.kt:45)
		at org.jetbrains.kotlin.incremental.storage.BasicMapsOwner.forEachMapSafe(BasicMapsOwner.kt:85)
		at org.jetbrains.kotlin.incremental.storage.BasicMapsOwner.close(BasicMapsOwner.kt:45)
		... 23 more
	Caused by: java.io.IOException: No space left on device
		at java.base/sun.nio.ch.UnixFileDispatcherImpl.pwrite0(Native Method)
		at java.base/sun.nio.ch.UnixFileDispatcherImpl.pwrite(Unknown Source)
		at java.base/sun.nio.ch.IOUtil.writeFromNativeBuffer(Unknown Source)
		at java.base/sun.nio.ch.IOUtil.write(Unknown Source)
		at java.base/sun.nio.ch.IOUtil.write(Unknown Source)
		at java.base/sun.nio.ch.FileChannelImpl.writeInternal(Unknown Source)
		at java.base/sun.nio.ch.FileChannelImpl.write(Unknown Source)
		at org.jetbrains.kotlin.com.intellij.util.io.UnInterruptibleFileChannel.lambda$write$10(UnInterruptibleFileChannel.java:95)
		at org.jetbrains.kotlin.com.intellij.util.io.UnInterruptibleFileChannelHandle.executeOperation(UnInterruptibleFileChannelHandle.java:50)
		at org.jetbrains.kotlin.com.intellij.util.io.UnInterruptibleFileChannel.write(UnInterruptibleFileChannel.java:95)
		at org.jetbrains.kotlin.com.intellij.util.io.DirectBufferWrapper.lambda$force$3(DirectBufferWrapper.java:149)
		at org.jetbrains.kotlin.com.intellij.util.io.PagedFileStorage.useChannel(PagedFileStorage.java:130)
		at org.jetbrains.kotlin.com.intellij.util.io.DirectBufferWrapper.force(DirectBufferWrapper.java:148)
		at org.jetbrains.kotlin.com.intellij.util.io.DirectBufferWrapper.release(DirectBufferWrapper.java:130)
		at org.jetbrains.kotlin.com.intellij.util.io.FilePageCache.disposeRemovedSegments(FilePageCache.java:190)
		... 48 more
Caused by: java.io.IOException: No space left on device
	at java.base/sun.nio.ch.UnixFileDispatcherImpl.pwrite0(Native Method)
	at java.base/sun.nio.ch.UnixFileDispatcherImpl.pwrite(Unknown Source)
	at java.base/sun.nio.ch.IOUtil.writeFromNativeBuffer(Unknown Source)
	at java.base/sun.nio.ch.IOUtil.write(Unknown Source)
	at java.base/sun.nio.ch.IOUtil.write(Unknown Source)
	at java.base/sun.nio.ch.FileChannelImpl.writeInternal(Unknown Source)
	at java.base/sun.nio.ch.FileChannelImpl.write(Unknown Source)
	at org.jetbrains.kotlin.com.intellij.util.io.UnInterruptibleFileChannel.lambda$write$10(UnInterruptibleFileChannel.java:95)
	at org.jetbrains.kotlin.com.intellij.util.io.UnInterruptibleFileChannelHandle.executeOperation(UnInterruptibleFileChannelHandle.java:50)
	at org.jetbrains.kotlin.com.intellij.util.io.UnInterruptibleFileChannel.write(UnInterruptibleFileChannel.java:95)
	at org.jetbrains.kotlin.com.intellij.util.io.DirectBufferWrapper.lambda$force$3(DirectBufferWrapper.java:149)
	at org.jetbrains.kotlin.com.intellij.util.io.PagedFileStorage.useChannel(PagedFileStorage.java:130)
	at org.jetbrains.kotlin.com.intellij.util.io.DirectBufferWrapper.force(DirectBufferWrapper.java:148)
	at org.jetbrains.kotlin.com.intellij.util.io.DirectBufferWrapper.release(DirectBufferWrapper.java:130)
	at org.jetbrains.kotlin.com.intellij.util.io.FilePageCache.disposeRemovedSegments(FilePageCache.java:190)
	... 47 more


